C:\Program Files\Microsoft Visual Studio\2022\Community\MSBuild\Microsoft\VC\v170\Microsoft.CppBuild.targets(514,5): warning MSB8028: El directorio intermedio (Debug\) contiene archivos compartidos de otro proyecto (ProyectoFinal.vcxproj). Esto puede dar lugar a un comportamiento incorrecto de limpieza y recompilación.
  JURASIC_3D.cpp
C:\Users\I-M-E\Downloads\CGIHC\Lab\proyecto\Repositorio\JURASIC3D\JURASIC3D\modelAnim.h(104,44): warning C4244: '=': conversión de 'double' a 'float'; posible pérdida de datos
C:\Users\I-M-E\Downloads\CGIHC\Lab\proyecto\Repositorio\JURASIC3D\JURASIC3D\modelAnim.h(519,24): warning C4244: 'inicializando': conversión de 'double' a 'float'; posible pérdida de datos
C:\Users\I-M-E\Downloads\CGIHC\Lab\proyecto\Repositorio\JURASIC3D\JURASIC3D\JURASIC_3D.cpp(547,24): warning C4244: 'inicializando': conversión de 'double' a 'GLfloat'; posible pérdida de datos
C:\Users\I-M-E\Downloads\CGIHC\Lab\proyecto\Repositorio\JURASIC3D\JURASIC3D\JURASIC_3D.cpp(585,21): warning C4244: '=': conversión de 'double' a 'T'; posible pérdida de datos
          with
          [
              T=float
          ]
C:\Users\I-M-E\Downloads\CGIHC\Lab\proyecto\Repositorio\JURASIC3D\JURASIC3D\JURASIC_3D.cpp(586,21): warning C4244: '=': conversión de 'double' a 'T'; posible pérdida de datos
          with
          [
              T=float
          ]
C:\Users\I-M-E\Downloads\CGIHC\Lab\proyecto\Repositorio\JURASIC3D\JURASIC3D\JURASIC_3D.cpp(587,21): warning C4244: '=': conversión de 'double' a 'T'; posible pérdida de datos
          with
          [
              T=float
          ]
C:\Users\I-M-E\Downloads\CGIHC\Lab\proyecto\Repositorio\JURASIC3D\JURASIC3D\JURASIC_3D.cpp(1623,11): warning C4244: '=': conversión de 'double' a 'GLfloat'; posible pérdida de datos
C:\Users\I-M-E\Downloads\CGIHC\Lab\proyecto\Repositorio\JURASIC3D\JURASIC3D\JURASIC_3D.cpp(1624,11): warning C4244: '=': conversión de 'double' a 'GLfloat'; posible pérdida de datos
C:\Users\I-M-E\Downloads\CGIHC\Lab\proyecto\Repositorio\JURASIC3D\JURASIC3D\JURASIC_3D.cpp(1628,18): warning C4244: 'inicializando': conversión de 'double' a 'GLfloat'; posible pérdida de datos
C:\Users\I-M-E\Downloads\CGIHC\Lab\proyecto\Repositorio\JURASIC3D\JURASIC3D\JURASIC_3D.cpp(1629,18): warning C4244: 'inicializando': conversión de 'double' a 'GLfloat'; posible pérdida de datos
C:\Users\I-M-E\Downloads\CGIHC\Lab\proyecto\Repositorio\JURASIC3D\JURASIC3D\JURASIC_3D.cpp(1631,10): warning C4244: '=': conversión de 'double' a 'GLfloat'; posible pérdida de datos
C:\Users\I-M-E\Downloads\CGIHC\Lab\proyecto\Repositorio\JURASIC3D\JURASIC3D\JURASIC_3D.cpp(1632,10): warning C4244: '=': conversión de 'double' a 'GLfloat'; posible pérdida de datos
  JURASIC3D.vcxproj -> C:\Users\I-M-E\Downloads\CGIHC\Lab\proyecto\Repositorio\JURASIC3D\Debug\JURASIC3D.exe
