  313190731_PROYECTO_GPO12.cpp
C:\Users\I-M-E\Downloads\CGIHC\Lab\proyecto\Repositorio\313190731_ProyectoFinal_Gpo12\ProyectoFinal\ProyectoFinal\modelAnim.h(104,44): warning C4244: '=': conversión de 'double' a 'float'; posible pérdida de datos
C:\Users\I-M-E\Downloads\CGIHC\Lab\proyecto\Repositorio\313190731_ProyectoFinal_Gpo12\ProyectoFinal\ProyectoFinal\modelAnim.h(519,24): warning C4244: 'inicializando': conversión de 'double' a 'float'; posible pérdida de datos
C:\Users\I-M-E\Downloads\CGIHC\Lab\proyecto\Repositorio\313190731_ProyectoFinal_Gpo12\ProyectoFinal\ProyectoFinal\313190731_PROYECTO_GPO12.cpp(533,24): warning C4244: 'inicializando': conversión de 'double' a 'GLfloat'; posible pérdida de datos
C:\Users\I-M-E\Downloads\CGIHC\Lab\proyecto\Repositorio\313190731_ProyectoFinal_Gpo12\ProyectoFinal\ProyectoFinal\313190731_PROYECTO_GPO12.cpp(571,21): warning C4244: '=': conversión de 'double' a 'T'; posible pérdida de datos
          with
          [
              T=float
          ]
C:\Users\I-M-E\Downloads\CGIHC\Lab\proyecto\Repositorio\313190731_ProyectoFinal_Gpo12\ProyectoFinal\ProyectoFinal\313190731_PROYECTO_GPO12.cpp(572,21): warning C4244: '=': conversión de 'double' a 'T'; posible pérdida de datos
          with
          [
              T=float
          ]
C:\Users\I-M-E\Downloads\CGIHC\Lab\proyecto\Repositorio\313190731_ProyectoFinal_Gpo12\ProyectoFinal\ProyectoFinal\313190731_PROYECTO_GPO12.cpp(573,21): warning C4244: '=': conversión de 'double' a 'T'; posible pérdida de datos
          with
          [
              T=float
          ]
C:\Users\I-M-E\Downloads\CGIHC\Lab\proyecto\Repositorio\313190731_ProyectoFinal_Gpo12\ProyectoFinal\ProyectoFinal\313190731_PROYECTO_GPO12.cpp(1519,11): warning C4244: '=': conversión de 'double' a 'GLfloat'; posible pérdida de datos
C:\Users\I-M-E\Downloads\CGIHC\Lab\proyecto\Repositorio\313190731_ProyectoFinal_Gpo12\ProyectoFinal\ProyectoFinal\313190731_PROYECTO_GPO12.cpp(1520,11): warning C4244: '=': conversión de 'double' a 'GLfloat'; posible pérdida de datos
C:\Users\I-M-E\Downloads\CGIHC\Lab\proyecto\Repositorio\313190731_ProyectoFinal_Gpo12\ProyectoFinal\ProyectoFinal\313190731_PROYECTO_GPO12.cpp(1524,18): warning C4244: 'inicializando': conversión de 'double' a 'GLfloat'; posible pérdida de datos
C:\Users\I-M-E\Downloads\CGIHC\Lab\proyecto\Repositorio\313190731_ProyectoFinal_Gpo12\ProyectoFinal\ProyectoFinal\313190731_PROYECTO_GPO12.cpp(1525,18): warning C4244: 'inicializando': conversión de 'double' a 'GLfloat'; posible pérdida de datos
C:\Users\I-M-E\Downloads\CGIHC\Lab\proyecto\Repositorio\313190731_ProyectoFinal_Gpo12\ProyectoFinal\ProyectoFinal\313190731_PROYECTO_GPO12.cpp(1527,10): warning C4244: '=': conversión de 'double' a 'GLfloat'; posible pérdida de datos
C:\Users\I-M-E\Downloads\CGIHC\Lab\proyecto\Repositorio\313190731_ProyectoFinal_Gpo12\ProyectoFinal\ProyectoFinal\313190731_PROYECTO_GPO12.cpp(1528,10): warning C4244: '=': conversión de 'double' a 'GLfloat'; posible pérdida de datos
soil2-debug.lib(SOIL2.obj) : warning LNK4075: se omite '/EDITANDCONTINUE' debido a la especificación '/OPT:ICF'
LINK : warning LNK4098: la biblioteca predeterminada'MSVCRTD' entra en conflicto con otras bibliotecas; use la biblioteca /NODEFAULTLIB:biblioteca
  Generando código
  1 of 1049 functions (<0.1%) were compiled, the rest were copied from previous compilation.
    0 functions were new in current compilation
    1 functions had inline decision re-evaluated but remain unchanged
  Generación de código finalizada
soil2-debug.lib(etc1_utils.obj) : warning LNK4099: no se encontró PDB 'soil2-debug.pdb' con 'soil2-debug.lib(etc1_utils.obj)' o en 'C:\Users\I-M-E\Downloads\CGIHC\Lab\proyecto\Repositorio\313190731_ProyectoFinal_Gpo12\ProyectoFinal\Release\soil2-debug.pdb'; se vinculará el objeto sin tener en cuenta información de depuración
soil2-debug.lib(image_DXT.obj) : warning LNK4099: no se encontró PDB 'soil2-debug.pdb' con 'soil2-debug.lib(image_DXT.obj)' o en 'C:\Users\I-M-E\Downloads\CGIHC\Lab\proyecto\Repositorio\313190731_ProyectoFinal_Gpo12\ProyectoFinal\Release\soil2-debug.pdb'; se vinculará el objeto sin tener en cuenta información de depuración
soil2-debug.lib(image_helper.obj) : warning LNK4099: no se encontró PDB 'soil2-debug.pdb' con 'soil2-debug.lib(image_helper.obj)' o en 'C:\Users\I-M-E\Downloads\CGIHC\Lab\proyecto\Repositorio\313190731_ProyectoFinal_Gpo12\ProyectoFinal\Release\soil2-debug.pdb'; se vinculará el objeto sin tener en cuenta información de depuración
soil2-debug.lib(SOIL2.obj) : warning LNK4099: no se encontró PDB 'soil2-debug.pdb' con 'soil2-debug.lib(SOIL2.obj)' o en 'C:\Users\I-M-E\Downloads\CGIHC\Lab\proyecto\Repositorio\313190731_ProyectoFinal_Gpo12\ProyectoFinal\Release\soil2-debug.pdb'; se vinculará el objeto sin tener en cuenta información de depuración
  ProyectoFinal.vcxproj -> C:\Users\I-M-E\Downloads\CGIHC\Lab\proyecto\Repositorio\313190731_ProyectoFinal_Gpo12\ProyectoFinal\Release\ProyectoFinal.exe
